0 info it worked if it ends with ok
1 verbose cli [ '/usr/local/Cellar/node/0.10.22/bin/node',
1 verbose cli   '/usr/local/bin/npm',
1 verbose cli   'publish' ]
2 info using npm@1.3.14
3 info using node@v0.10.22
4 verbose publish [ '.' ]
5 verbose cache add [ '.', null ]
6 verbose cache add name=undefined spec="." args=[".",null]
7 verbose parsed url { protocol: null,
7 verbose parsed url   slashes: null,
7 verbose parsed url   auth: null,
7 verbose parsed url   host: null,
7 verbose parsed url   port: null,
7 verbose parsed url   hostname: null,
7 verbose parsed url   hash: null,
7 verbose parsed url   search: null,
7 verbose parsed url   query: null,
7 verbose parsed url   pathname: '.',
7 verbose parsed url   path: '.',
7 verbose parsed url   href: '.' }
8 silly lockFile 3a52ce78- .
9 verbose lock . /Users/todd/.npm/3a52ce78-.lock
10 verbose tar pack [ '/var/folders/36/9qg9dwfn0bv_plbdyr2q2k3c0000gn/T/npm-49552-Z3FDrcCx/1387566074188-0.27137117669917643/tmp.tgz',
10 verbose tar pack   '.' ]
11 verbose tarball /var/folders/36/9qg9dwfn0bv_plbdyr2q2k3c0000gn/T/npm-49552-Z3FDrcCx/1387566074188-0.27137117669917643/tmp.tgz
12 verbose folder .
13 info prepublish backbone-nestedjson@0.0.1
14 silly lockFile 1f1177db-tar tar://.
15 verbose lock tar://. /Users/todd/.npm/1f1177db-tar.lock
16 silly lockFile 1973cb80-4188-0-27137117669917643-tmp-tgz tar:///var/folders/36/9qg9dwfn0bv_plbdyr2q2k3c0000gn/T/npm-49552-Z3FDrcCx/1387566074188-0.27137117669917643/tmp.tgz
17 verbose lock tar:///var/folders/36/9qg9dwfn0bv_plbdyr2q2k3c0000gn/T/npm-49552-Z3FDrcCx/1387566074188-0.27137117669917643/tmp.tgz /Users/todd/.npm/1973cb80-4188-0-27137117669917643-tmp-tgz.lock
18 silly lockFile 1f1177db-tar tar://.
19 silly lockFile 1f1177db-tar tar://.
20 silly lockFile 1973cb80-4188-0-27137117669917643-tmp-tgz tar:///var/folders/36/9qg9dwfn0bv_plbdyr2q2k3c0000gn/T/npm-49552-Z3FDrcCx/1387566074188-0.27137117669917643/tmp.tgz
21 silly lockFile 1973cb80-4188-0-27137117669917643-tmp-tgz tar:///var/folders/36/9qg9dwfn0bv_plbdyr2q2k3c0000gn/T/npm-49552-Z3FDrcCx/1387566074188-0.27137117669917643/tmp.tgz
22 verbose tar unpack /var/folders/36/9qg9dwfn0bv_plbdyr2q2k3c0000gn/T/npm-49552-Z3FDrcCx/1387566074188-0.27137117669917643/tmp.tgz
23 silly lockFile c715e153-4188-0-27137117669917643-package tar:///var/folders/36/9qg9dwfn0bv_plbdyr2q2k3c0000gn/T/npm-49552-Z3FDrcCx/1387566074188-0.27137117669917643/package
24 verbose lock tar:///var/folders/36/9qg9dwfn0bv_plbdyr2q2k3c0000gn/T/npm-49552-Z3FDrcCx/1387566074188-0.27137117669917643/package /Users/todd/.npm/c715e153-4188-0-27137117669917643-package.lock
25 silly lockFile 1973cb80-4188-0-27137117669917643-tmp-tgz tar:///var/folders/36/9qg9dwfn0bv_plbdyr2q2k3c0000gn/T/npm-49552-Z3FDrcCx/1387566074188-0.27137117669917643/tmp.tgz
26 verbose lock tar:///var/folders/36/9qg9dwfn0bv_plbdyr2q2k3c0000gn/T/npm-49552-Z3FDrcCx/1387566074188-0.27137117669917643/tmp.tgz /Users/todd/.npm/1973cb80-4188-0-27137117669917643-tmp-tgz.lock
27 silly gunzTarPerm modes [ '755', '644' ]
28 silly gunzTarPerm extractEntry package.json
29 silly gunzTarPerm extractEntry .npmignore
30 silly gunzTarPerm extractEntry README.md
31 silly gunzTarPerm extractEntry index.js
32 silly gunzTarPerm extractEntry test.js
33 silly gunzTarPerm extractEntry .jsdocrc.json
34 silly gunzTarPerm extractEntry .jshintrc
35 silly gunzTarPerm extractEntry .travis.yml
36 silly gunzTarPerm extractEntry pre-commit.sh
37 silly lockFile c715e153-4188-0-27137117669917643-package tar:///var/folders/36/9qg9dwfn0bv_plbdyr2q2k3c0000gn/T/npm-49552-Z3FDrcCx/1387566074188-0.27137117669917643/package
38 silly lockFile c715e153-4188-0-27137117669917643-package tar:///var/folders/36/9qg9dwfn0bv_plbdyr2q2k3c0000gn/T/npm-49552-Z3FDrcCx/1387566074188-0.27137117669917643/package
39 silly lockFile 1973cb80-4188-0-27137117669917643-tmp-tgz tar:///var/folders/36/9qg9dwfn0bv_plbdyr2q2k3c0000gn/T/npm-49552-Z3FDrcCx/1387566074188-0.27137117669917643/tmp.tgz
40 silly lockFile 1973cb80-4188-0-27137117669917643-tmp-tgz tar:///var/folders/36/9qg9dwfn0bv_plbdyr2q2k3c0000gn/T/npm-49552-Z3FDrcCx/1387566074188-0.27137117669917643/tmp.tgz
41 verbose tar pack [ '/Users/todd/.npm/backbone-nestedjson/0.0.1/package.tgz',
41 verbose tar pack   '/var/folders/36/9qg9dwfn0bv_plbdyr2q2k3c0000gn/T/npm-49552-Z3FDrcCx/1387566074188-0.27137117669917643/package' ]
42 verbose tarball /Users/todd/.npm/backbone-nestedjson/0.0.1/package.tgz
43 verbose folder /var/folders/36/9qg9dwfn0bv_plbdyr2q2k3c0000gn/T/npm-49552-Z3FDrcCx/1387566074188-0.27137117669917643/package
44 silly lockFile c715e153-4188-0-27137117669917643-package tar:///var/folders/36/9qg9dwfn0bv_plbdyr2q2k3c0000gn/T/npm-49552-Z3FDrcCx/1387566074188-0.27137117669917643/package
45 verbose lock tar:///var/folders/36/9qg9dwfn0bv_plbdyr2q2k3c0000gn/T/npm-49552-Z3FDrcCx/1387566074188-0.27137117669917643/package /Users/todd/.npm/c715e153-4188-0-27137117669917643-package.lock
46 silly lockFile 9c0d2448-one-nestedjson-0-0-1-package-tgz tar:///Users/todd/.npm/backbone-nestedjson/0.0.1/package.tgz
47 verbose lock tar:///Users/todd/.npm/backbone-nestedjson/0.0.1/package.tgz /Users/todd/.npm/9c0d2448-one-nestedjson-0-0-1-package-tgz.lock
48 silly lockFile c715e153-4188-0-27137117669917643-package tar:///var/folders/36/9qg9dwfn0bv_plbdyr2q2k3c0000gn/T/npm-49552-Z3FDrcCx/1387566074188-0.27137117669917643/package
49 silly lockFile c715e153-4188-0-27137117669917643-package tar:///var/folders/36/9qg9dwfn0bv_plbdyr2q2k3c0000gn/T/npm-49552-Z3FDrcCx/1387566074188-0.27137117669917643/package
50 silly lockFile 9c0d2448-one-nestedjson-0-0-1-package-tgz tar:///Users/todd/.npm/backbone-nestedjson/0.0.1/package.tgz
51 silly lockFile 9c0d2448-one-nestedjson-0-0-1-package-tgz tar:///Users/todd/.npm/backbone-nestedjson/0.0.1/package.tgz
52 silly lockFile b6f13fe3-ackbone-nestedjson-0-0-1-package /Users/todd/.npm/backbone-nestedjson/0.0.1/package
53 verbose lock /Users/todd/.npm/backbone-nestedjson/0.0.1/package /Users/todd/.npm/b6f13fe3-ackbone-nestedjson-0-0-1-package.lock
54 silly lockFile b6f13fe3-ackbone-nestedjson-0-0-1-package /Users/todd/.npm/backbone-nestedjson/0.0.1/package
55 silly lockFile b6f13fe3-ackbone-nestedjson-0-0-1-package /Users/todd/.npm/backbone-nestedjson/0.0.1/package
56 verbose tar unpack /Users/todd/.npm/backbone-nestedjson/0.0.1/package.tgz
57 silly lockFile 5004a891-ackbone-nestedjson-0-0-1-package tar:///Users/todd/.npm/backbone-nestedjson/0.0.1/package
58 verbose lock tar:///Users/todd/.npm/backbone-nestedjson/0.0.1/package /Users/todd/.npm/5004a891-ackbone-nestedjson-0-0-1-package.lock
59 silly lockFile 9c0d2448-one-nestedjson-0-0-1-package-tgz tar:///Users/todd/.npm/backbone-nestedjson/0.0.1/package.tgz
60 verbose lock tar:///Users/todd/.npm/backbone-nestedjson/0.0.1/package.tgz /Users/todd/.npm/9c0d2448-one-nestedjson-0-0-1-package-tgz.lock
61 silly gunzTarPerm modes [ '755', '644' ]
62 silly gunzTarPerm extractEntry package.json
63 silly gunzTarPerm extractEntry .npmignore
64 silly gunzTarPerm extractEntry README.md
65 silly gunzTarPerm extractEntry index.js
66 silly gunzTarPerm extractEntry test.js
67 silly gunzTarPerm extractEntry .jsdocrc.json
68 silly gunzTarPerm extractEntry .jshintrc
69 silly gunzTarPerm extractEntry .travis.yml
70 silly gunzTarPerm extractEntry pre-commit.sh
71 silly lockFile 5004a891-ackbone-nestedjson-0-0-1-package tar:///Users/todd/.npm/backbone-nestedjson/0.0.1/package
72 silly lockFile 5004a891-ackbone-nestedjson-0-0-1-package tar:///Users/todd/.npm/backbone-nestedjson/0.0.1/package
73 silly lockFile 9c0d2448-one-nestedjson-0-0-1-package-tgz tar:///Users/todd/.npm/backbone-nestedjson/0.0.1/package.tgz
74 silly lockFile 9c0d2448-one-nestedjson-0-0-1-package-tgz tar:///Users/todd/.npm/backbone-nestedjson/0.0.1/package.tgz
75 verbose chmod /Users/todd/.npm/backbone-nestedjson/0.0.1/package.tgz 644
76 verbose chown /Users/todd/.npm/backbone-nestedjson/0.0.1/package.tgz [ 501, 20 ]
77 silly lockFile 3a52ce78- .
78 silly lockFile 3a52ce78- .
79 silly publish { name: 'backbone-nestedjson',
79 silly publish   description: 'A toJSON replacement that handles nested objects',
79 silly publish   version: '0.0.1',
79 silly publish   repository: { url: 'git://github.com/toddself/backbone-nestedjson.git' },
79 silly publish   main: 'index.js',
79 silly publish   scripts:
79 silly publish    { postinstall: 'if [[ -d .git ]]; then cp $HOME/.pre-commit.sh .git/hooks/pre-commit && chmod +x .git/hooks/pre-commit; fi',
79 silly publish      'pre-commit': 'npm run lint && npm test',
79 silly publish      lint: 'jshint',
79 silly publish      test: 'if [[ -d test ]]; then tap test/*js; else tap *test.js; fi' },
79 silly publish   dependencies: {},
79 silly publish   devDependencies: { tap: '~0.4.4', backbone: '~1.1.0' },
79 silly publish   author:
79 silly publish    { name: 'Todd Kennedy',
79 silly publish      email: '<todd@selfassembled.org',
79 silly publish      url: 'http://tck.io' },
79 silly publish   keywords: [],
79 silly publish   license:
79 silly publish    { type: 'MIT',
79 silly publish      url: 'https://github.com/toddself/backbone-nestedjson/blog/master/LICENSE' },
79 silly publish   engine: { node: '>=0.8' },
79 silly publish   readme: '[![build status](https://secure.travis-ci.org/toddself/backbone-nestedjson.png)](http://travis-ci.org/toddself/backbone-nestedjson)\n\n#Backbone-NestedJSON\nA simple replacement for `#toJSON` that can handle nested Backbone models.\n\n#Usage\n`npm install -S backbone-nestedtojson`\n\n```javascript\nvar Backbone = require(\'backbone\');\nvar toJSON = require(\'backboned-nestedjson\');\nvar TestModel = Backbone.Model.extend();\nTestModel.prototype.toJSON = toJSON;\nvar tm = new TestModel();\n\ntm.set({\n  foo: \'bar\',\n  boo: [\'a\',\'b\'],\n  baz: new TestModel({back: \'front\'}),\n  test: {\n    hello: \'goodbye\'\n  }\n});\n\ntm.toJSON()\n{\n  foo: \'bar\',\n  boo: [\'a\',\'b\'],\n  baz: {\n    back: \'front\'\n  },\n  test: {\n    hello: \'goodbye\'\n  }\n};\n```',
79 silly publish   readmeFilename: 'README.md',
79 silly publish   bugs: { url: 'https://github.com/toddself/backbone-nestedjson/issues' },
79 silly publish   homepage: 'https://github.com/toddself/backbone-nestedjson',
79 silly publish   _id: 'backbone-nestedjson@0.0.1',
79 silly publish   dist: { shasum: '5a53cebc1816ee61ca79ff7193e17cbc6a65d799' },
79 silly publish   _from: '.' }
80 verbose url raw backbone-nestedjson
81 verbose url resolving [ 'https://registry.npmjs.org/', './backbone-nestedjson' ]
82 verbose url resolved https://registry.npmjs.org/backbone-nestedjson
83 info trying registry request attempt 1 at 14:01:14
84 http PUT https://registry.npmjs.org/backbone-nestedjson
85 http 409 https://registry.npmjs.org/backbone-nestedjson
86 verbose url raw backbone-nestedjson
87 verbose url resolving [ 'https://registry.npmjs.org/', './backbone-nestedjson' ]
88 verbose url resolved https://registry.npmjs.org/backbone-nestedjson
89 info trying registry request attempt 1 at 14:01:14
90 http GET https://registry.npmjs.org/backbone-nestedjson
91 http 200 https://registry.npmjs.org/backbone-nestedjson
92 error publish fail Cannot publish over existing version.
92 error publish fail Update the 'version' field in package.json and try again.
92 error publish fail
92 error publish fail If the previous version was published in error, see:
92 error publish fail     npm help unpublish
92 error publish fail
92 error publish fail To automatically increment version numbers, see:
92 error publish fail     npm help version
93 error System Darwin 13.0.0
94 error command "/usr/local/Cellar/node/0.10.22/bin/node" "/usr/local/bin/npm" "publish"
95 error cwd /Users/todd/src/backbone-nestedjson
96 error node -v v0.10.22
97 error npm -v 1.3.14
98 error code EPUBLISHCONFLICT
99 verbose exit [ 1, true ]
